<?xml version="1.0" encoding="UTF-8"?>

<beans xmlns="http://www.springframework.org/schema/beans"
	xmlns:xsi="http://www.w3.org/2001/XMLSchema-instance"
	xsi:schemaLocation="
http://www.springframework.org/schema/beans http://www.springframework.org/schema/beans/spring-beans.xsd">

    <bean id="user" class="service.UserDaoService"
          factory-bean="userFactory" factory-method="create"/>
    
    <bean id="userFactory" class="org.apache.cxf.jaxws.JaxWsProxyFactoryBean">
        <property name="serviceClass" value="service.UserDaoService"/>
        <property name="address" value="http://10.10.3.243:8080/SoapService/UserService"/>
    </bean>

     <bean id="role" class="service.RoleDaoService"
          factory-bean="roleFactory" factory-method="create"/>

    <bean id="roleFactory" class="org.apache.cxf.jaxws.JaxWsProxyFactoryBean">
        <property name="serviceClass" value="service.RoleDaoService"/>
        <property name="address" value="http://10.10.3.243:8080/SoapService/RoleService"/>
    </bean> 
	  
</beans>